<?xml version="1.0" encoding="UTF-8"?>
<!-- Generated by org.testng.reporters.JUnitReportReporter -->
<testsuite hostname="Vitaliis-MacBook-Pro.local" failures="0" tests="6" name="WorldTimeAPITest" time="0.955" errors="0" timestamp="2023-02-20T19:09:16 PST" skipped="0">
  <testcase classname="WorldTimeAPITest" name="getInfoAboutLocalIP" time="0.057"/>
  <system-out/>
  <testcase classname="WorldTimeAPITest" name="getInfoAboutArgentinaSalta" time="0.074"/>
  <system-out/>
  <testcase classname="WorldTimeAPITest" name="getListOfAvailableTimeZones" time="0.057"/>
  <system-out/>
  <testcase classname="WorldTimeAPITest" name="getListOfAvailableEuropeanTimeZones" time="0.060"/>
  <system-out/>
  <testcase classname="WorldTimeAPITest" name="getErrorAboutArgentinaS" time="0.645"/>
  <system-out/>
  <testcase classname="WorldTimeAPITest" name="getInfoAboutLondonAsString" time="0.062"/>
  <system-out/>
</testsuite> <!-- WorldTimeAPITest -->
